On branch main
Your branch is up to date with 'origin/main'.

Untracked files:
	.htaccess
	backup.log
	backup.php
	backup.sh
	firstCommit.sh

nothing added to commit but untracked files present
On branch main
Your branch is up to date with 'origin/main'.

Untracked files:
	.htaccess
	backup.log
	backup.php
	backup.sh
	firstCommit.sh

nothing added to commit but untracked files present
[main 29a198f] Update
 5 files changed, 219 insertions(+)
 create mode 100644 .htaccess
 create mode 100644 backup.log
 create mode 100755 backup.php
 create mode 100755 backup.sh
 create mode 100755 firstCommit.sh
[main 1a30886] Update
 1096 files changed, 163197 insertions(+)
 create mode 100644 base/Languages/da.xml
 create mode 100644 base/Languages/de.xml
 create mode 100644 base/Languages/el.xml
 create mode 100644 base/Languages/en.xml
 create mode 100644 base/Languages/fr.xml
 create mode 100644 base/Languages/sr.xml
 create mode 100644 base/SMAttributes.class.php
 create mode 100644 base/SMAuthentication.class.php
 create mode 100644 base/SMConfiguration.class.php
 create mode 100644 base/SMContext.class.php
 create mode 100644 base/SMController.class.php
 create mode 100644 base/SMDataSource.classes.php
 create mode 100644 base/SMDataSourceSql.classes.php
 create mode 100644 base/SMEnvironment.class.php
 create mode 100644 base/SMExtension.class.php
 create mode 100644 base/SMExtensionManager.class.php
 create mode 100644 base/SMFileSystem.class.php
 create mode 100644 base/SMForm.classes.php
 create mode 100644 base/SMImageProvider.classes.php
 create mode 100644 base/SMKeyValue.classes.php
 create mode 100644 base/SMLanguageHandler.class.php
 create mode 100644 base/SMLicenseHandler.class.php
 create mode 100644 base/SMLog.class.php
 create mode 100644 base/SMMail.classes.php
 create mode 100644 base/SMRandom.class.php
 create mode 100644 base/SMRequest.classes.php
 create mode 100644 base/SMSqlCommon.classes.php
 create mode 100644 base/SMStringUtilities.classes.php
 create mode 100644 base/SMTemplate.classes.php
 create mode 100644 base/SMTextFile.classes.php
 create mode 100644 base/SMTypeCheck.classes.php
 create mode 100644 base/SMUtilities.classes.php
 create mode 100644 base/gui/Fonts/FontAwesome/Info.txt
 create mode 100644 base/gui/Fonts/FontAwesome/css/font-awesome.css
 create mode 100644 base/gui/Fonts/FontAwesome/css/font-awesome.min.css
 create mode 100644 base/gui/Fonts/FontAwesome/fonts/FontAwesome.otf
 create mode 100644 base/gui/Fonts/FontAwesome/fonts/fontawesome-webfont.eot
 create mode 100644 base/gui/Fonts/FontAwesome/fonts/fontawesome-webfont.svg
 create mode 100644 base/gui/Fonts/FontAwesome/fonts/fontawesome-webfont.ttf
 create mode 100644 base/gui/Fonts/FontAwesome/fonts/fontawesome-webfont.woff
 create mode 100644 base/gui/Fonts/FontAwesome/fonts/fontawesome-webfont.woff2
 create mode 100644 base/gui/SMCheckboxList/SMCheckboxList.classes.php
 create mode 100644 base/gui/SMClient.js
 create mode 100644 base/gui/SMFieldset/SMFieldset.classes.php
 create mode 100644 base/gui/SMFieldset/images/collapsed.gif
 create mode 100644 base/gui/SMFieldset/images/expanded.gif
 create mode 100644 base/gui/SMGrid/SMGrid.class.php
 create mode 100644 base/gui/SMGrid/images/selected.gif
 create mode 100644 base/gui/SMGrid/images/selection.gif
 create mode 100644 base/gui/SMInput/SMInput.classes.php
 create mode 100644 base/gui/SMLinkButton/SMLinkButton.class.php
 create mode 100644 base/gui/SMNotify/SMNotify.class.php
 create mode 100644 base/gui/SMOptionList/SMOptionList.classes.php
 create mode 100644 base/gui/SMTreeMenu/SMTreeMenu.classes.php
 create mode 100644 base/gui/SMTreeMenu/images/collapsed.gif
 create mode 100644 base/gui/SMTreeMenu/images/expanded.gif
 create mode 100644 base/gui/SMTreeMenu/images/point.gif
 create mode 100644 base/gui/SMTreeMenu/images/selected.gif
 create mode 100644 base/gui/SMTreeMenu/images/selection.gif
 create mode 100644 base/gui/gui.css
 create mode 100644 base/gui/jQuery/jquery-1.11.0.min.js
 create mode 100644 base/gui/jQuery/jquery-ui-1.10.4.custom/css/Sitemagic/images/animated-overlay.gif
 create mode 100644 base/gui/jQuery/jquery-ui-1.10.4.custom/css/Sitemagic/images/ui-bg_flat_0_aaaaaa_40x100.png
 create mode 100644 base/gui/jQuery/jquery-ui-1.10.4.custom/css/Sitemagic/images/ui-bg_flat_75_ffffff_40x100.png
 create mode 100644 base/gui/jQuery/jquery-ui-1.10.4.custom/css/Sitemagic/images/ui-bg_glass_55_fbf9ee_1x400.png
 create mode 100644 base/gui/jQuery/jquery-ui-1.10.4.custom/css/Sitemagic/images/ui-bg_glass_65_ffffff_1x400.png
 create mode 100644 base/gui/jQuery/jquery-ui-1.10.4.custom/css/Sitemagic/images/ui-bg_glass_75_dadada_1x400.png
 create mode 100644 base/gui/jQuery/jquery-ui-1.10.4.custom/css/Sitemagic/images/ui-bg_glass_75_e6e6e6_1x400.png
 create mode 100644 base/gui/jQuery/jquery-ui-1.10.4.custom/css/Sitemagic/images/ui-bg_glass_95_fef1ec_1x400.png
 create mode 100644 base/gui/jQuery/jquery-ui-1.10.4.custom/css/Sitemagic/images/ui-bg_highlight-soft_75_cccccc_1x100.png
 create mode 100644 base/gui/jQuery/jquery-ui-1.10.4.custom/css/Sitemagic/images/ui-icons_222222_256x240.png
 create mode 100644 base/gui/jQuery/jquery-ui-1.10.4.custom/css/Sitemagic/images/ui-icons_2e83ff_256x240.png
 create mode 100644 base/gui/jQuery/jquery-ui-1.10.4.custom/css/Sitemagic/images/ui-icons_454545_256x240.png
 create mode 100644 base/gui/jQuery/jquery-ui-1.10.4.custom/css/Sitemagic/images/ui-icons_888888_256x240.png
 create mode 100644 base/gui/jQuery/jquery-ui-1.10.4.custom/css/Sitemagic/images/ui-icons_cd0a0a_256x240.png
 create mode 100644 base/gui/jQuery/jquery-ui-1.10.4.custom/css/Sitemagic/jquery-ui-1.10.4.custom.css
 create mode 100644 base/gui/jQuery/jquery-ui-1.10.4.custom/css/Sitemagic/jquery-ui-1.10.4.custom.min.css
 create mode 100644 base/gui/jQuery/jquery-ui-1.10.4.custom/js/jquery-1.10.2.js
 create mode 100644 base/gui/jQuery/jquery-ui-1.10.4.custom/js/jquery-ui-1.10.4.custom.js
 create mode 100644 base/gui/jQuery/jquery-ui-1.10.4.custom/js/jquery-ui-1.10.4.custom.min.js
 create mode 100644 base/gui/json2.js
 create mode 100644 base/phpmailer/PHPMailerAutoload.php
 create mode 100644 base/phpmailer/class.phpmailer.php
 create mode 100644 base/phpmailer/class.smtp.php
 create mode 100644 base/tables.sql
 create mode 100644 changelog.txt
 create mode 100644 config.xml.php
 create mode 100644 data/SMAttributes.xml.php
 create mode 100644 data/SMContact.xml.php
 create mode 100644 data/SMExternalModules.xml.php
 create mode 100644 data/SMLog.lock
 create mode 100644 data/SMLog.xml.php
 create mode 100644 data/SMMenu.xml.php
 create mode 100644 data/SMPages.xml.php
 create mode 100644 extensions/SMAnnouncements/Languages/da.xml
 create mode 100644 extensions/SMAnnouncements/Languages/de.xml
 create mode 100644 extensions/SMAnnouncements/Languages/el.xml
 create mode 100644 extensions/SMAnnouncements/Languages/en.xml
 create mode 100644 extensions/SMAnnouncements/Languages/fr.xml
 create mode 100644 extensions/SMAnnouncements/Languages/sr.xml
 create mode 100644 extensions/SMAnnouncements/Main.class.php
 create mode 100644 extensions/SMAnnouncements/metadata.xml
 create mode 100644 extensions/SMAutoSeoUrls/Main.class.php
 create mode 100644 extensions/SMAutoSeoUrls/metadata.xml
 create mode 100644 extensions/SMComments/ContentPageExtension.class.php
 create mode 100644 extensions/SMComments/Languages/da.xml
 create mode 100644 extensions/SMComments/Languages/de.xml
 create mode 100644 extensions/SMComments/Languages/el.xml
 create mode 100644 extensions/SMComments/Languages/en.xml
 create mode 100644 extensions/SMComments/Languages/fr.xml
 create mode 100644 extensions/SMComments/Languages/sr.xml
 create mode 100644 extensions/SMComments/Main.class.php
 create mode 100644 extensions/SMComments/SMComments.classes.php
 create mode 100644 extensions/SMComments/metadata.xml
 create mode 100644 extensions/SMComments/tables.sql
 create mode 100644 extensions/SMConfig/FrmConfig.class.php
 create mode 100644 extensions/SMConfig/FrmSubsite.class.php
 create mode 100644 extensions/SMConfig/Languages/da.xml
 create mode 100644 extensions/SMConfig/Languages/de.xml
 create mode 100644 extensions/SMConfig/Languages/el.xml
 create mode 100644 extensions/SMConfig/Languages/en.xml
 create mode 100644 extensions/SMConfig/Languages/fr.xml
 create mode 100644 extensions/SMConfig/Languages/sr.xml
 create mode 100644 extensions/SMConfig/Main.class.php
 create mode 100644 extensions/SMConfig/metadata.xml
 create mode 100644 extensions/SMContact/ContentPageExtension.class.php
 create mode 100644 extensions/SMContact/FrmContactForm.class.php
 create mode 100644 extensions/SMContact/FrmSettings.class.php
 create mode 100644 extensions/SMContact/Languages/da.xml
 create mode 100644 extensions/SMContact/Languages/de.xml
 create mode 100644 extensions/SMContact/Languages/el.xml
 create mode 100644 extensions/SMContact/Languages/en.xml
 create mode 100644 extensions/SMContact/Languages/fr.xml
 create mode 100644 extensions/SMContact/Languages/sr.xml
 create mode 100644 extensions/SMContact/Main.class.php
 create mode 100644 extensions/SMContact/SMContact.classes.php
 create mode 100644 extensions/SMContact/metadata.xml
 create mode 100644 extensions/SMContact/tables.sql
 create mode 100644 extensions/SMDesigner/Designer.css
 create mode 100644 extensions/SMDesigner/Designer.js
 create mode 100644 extensions/SMDesigner/Languages/da.xml
 create mode 100644 extensions/SMDesigner/Languages/de.xml
 create mode 100644 extensions/SMDesigner/Languages/el.xml
 create mode 100644 extensions/SMDesigner/Languages/en.xml
 create mode 100644 extensions/SMDesigner/Languages/fr.xml
 create mode 100644 extensions/SMDesigner/Languages/sr.xml
 create mode 100644 extensions/SMDesigner/Main.class.php
 create mode 100644 extensions/SMDesigner/callbacks/download.callback.php
 create mode 100644 extensions/SMDesigner/callbacks/graphics.callback.php
 create mode 100644 extensions/SMDesigner/callbacks/load.callback.php
 create mode 100644 extensions/SMDesigner/callbacks/save.callback.php
 create mode 100644 extensions/SMDesigner/metadata.xml
 create mode 100644 extensions/SMDesigner/plugins/colpick/LICENSE
 create mode 100644 extensions/SMDesigner/plugins/colpick/README.md
 create mode 100644 extensions/SMDesigner/plugins/colpick/colpick.jquery.json
 create mode 100644 extensions/SMDesigner/plugins/colpick/css/colpick.css
 create mode 100644 extensions/SMDesigner/plugins/colpick/js/colpick.js
 create mode 100644 extensions/SMDesigner/plugins/trianglify/trianglify.min.js
 create mode 100644 extensions/SMDownloads/FrmFilesList.class.php
 create mode 100644 extensions/SMDownloads/Languages/da.xml
 create mode 100644 extensions/SMDownloads/Languages/de.xml
 create mode 100644 extensions/SMDownloads/Languages/el.xml
 create mode 100644 extensions/SMDownloads/Languages/en.xml
 create mode 100644 extensions/SMDownloads/Languages/fr.xml
 create mode 100644 extensions/SMDownloads/Languages/sr.xml
 create mode 100644 extensions/SMDownloads/Main.class.php
 create mode 100644 extensions/SMDownloads/metadata.xml
 create mode 100644 extensions/SMDownloads/tables.sql
 create mode 100644 extensions/SMExtensionCommon/Main.class.php
 create mode 100644 extensions/SMExtensionCommon/SMExtensionCommon.class.php
 create mode 100644 extensions/SMExtensionCommon/common.css
 create mode 100644 extensions/SMExtensionCommon/metadata.xml
 create mode 100644 extensions/SMExternalModules/ContentPageExtension.class.php
 create mode 100644 extensions/SMExternalModules/FrmSettings.class.php
 create mode 100644 extensions/SMExternalModules/Languages/da.xml
 create mode 100644 extensions/SMExternalModules/Languages/de.xml
 create mode 100644 extensions/SMExternalModules/Languages/el.xml
 create mode 100644 extensions/SMExternalModules/Languages/en.xml
 create mode 100644 extensions/SMExternalModules/Languages/fr.xml
 create mode 100644 extensions/SMExternalModules/Languages/sr.xml
 create mode 100644 extensions/SMExternalModules/Main.class.php
 create mode 100644 extensions/SMExternalModules/SMExternalModules.classes.php
 create mode 100644 extensions/SMExternalModules/metadata.xml
 create mode 100644 extensions/SMExternalModules/tables.sql
 create mode 100644 extensions/SMFiles/FrmManager.class.php
 create mode 100644 extensions/SMFiles/FrmUpload.class.php
 create mode 100644 extensions/SMFiles/Languages/da.xml
 create mode 100644 extensions/SMFiles/Languages/de.xml
 create mode 100644 extensions/SMFiles/Languages/el.xml
 create mode 100644 extensions/SMFiles/Languages/en.xml
 create mode 100644 extensions/SMFiles/Languages/fr.xml
 create mode 100644 extensions/SMFiles/Languages/sr.xml
 create mode 100644 extensions/SMFiles/Main.class.php
 create mode 100644 extensions/SMFiles/metadata.xml
 create mode 100644 extensions/SMGallery/ContentPageExtension.class.php
 create mode 100644 extensions/SMGallery/FrmSettings.class.php
 create mode 100644 extensions/SMGallery/FrmViewer.class.php
 create mode 100644 extensions/SMGallery/Languages/da.xml
 create mode 100644 extensions/SMGallery/Languages/de.xml
 create mode 100644 extensions/SMGallery/Languages/el.xml
 create mode 100644 extensions/SMGallery/Languages/en.xml
 create mode 100644 extensions/SMGallery/Languages/fr.xml
 create mode 100644 extensions/SMGallery/Languages/sr.xml
 create mode 100644 extensions/SMGallery/Main.class.php
 create mode 100644 extensions/SMGallery/metadata.xml
 create mode 100644 extensions/SMGoogleAnalytics/FrmSettings.class.php
 create mode 100644 extensions/SMGoogleAnalytics/Languages/da.xml
 create mode 100644 extensions/SMGoogleAnalytics/Languages/de.xml
 create mode 100644 extensions/SMGoogleAnalytics/Languages/el.xml
 create mode 100644 extensions/SMGoogleAnalytics/Languages/en.xml
 create mode 100644 extensions/SMGoogleAnalytics/Languages/fr.xml
 create mode 100644 extensions/SMGoogleAnalytics/Languages/sr.xml
 create mode 100644 extensions/SMGoogleAnalytics/Main.class.php
 create mode 100644 extensions/SMGoogleAnalytics/metadata.xml
 create mode 100644 extensions/SMImageMontage/ImageMontage.extension.php
 create mode 100644 extensions/SMImageMontage/ImageMontage.html
 create mode 100644 extensions/SMImageMontage/ImageMontage.run.php
 create mode 100644 extensions/SMImageMontage/ImageMontageSettings.extension.php
 create mode 100644 extensions/SMImageMontage/Languages/da.xml
 create mode 100644 extensions/SMImageMontage/Languages/de.xml
 create mode 100644 extensions/SMImageMontage/Languages/el.xml
 create mode 100644 extensions/SMImageMontage/Languages/en.xml
 create mode 100644 extensions/SMImageMontage/Languages/fr.xml
 create mode 100644 extensions/SMImageMontage/Languages/sr.xml
 create mode 100644 extensions/SMImageMontage/Main.class.php
 create mode 100644 extensions/SMImageMontage/PageExtension.class.php
 create mode 100644 extensions/SMImageMontage/css/style.css
 create mode 100644 extensions/SMImageMontage/images/close.png
 create mode 100644 extensions/SMImageMontage/images/empty.gif
 create mode 100644 extensions/SMImageMontage/images/left.png
 create mode 100644 extensions/SMImageMontage/images/loading.gif
 create mode 100644 extensions/SMImageMontage/images/next.png
 create mode 100644 extensions/SMImageMontage/images/pause.png
 create mode 100644 extensions/SMImageMontage/images/play.png
 create mode 100644 extensions/SMImageMontage/images/previous.png
 create mode 100644 extensions/SMImageMontage/images/right.png
 create mode 100644 extensions/SMImageMontage/js/ImageMontage.js
 create mode 100644 extensions/SMImageMontage/js/jquery.montage.js
 create mode 100644 extensions/SMImageMontage/js/jquery.montage.min.js
 create mode 100644 extensions/SMImageMontage/metadata.xml
 create mode 100644 extensions/SMLanguageEditor/FrmEditor.class.php
 create mode 100644 extensions/SMLanguageEditor/Languages/da.xml
 create mode 100644 extensions/SMLanguageEditor/Languages/de.xml
 create mode 100644 extensions/SMLanguageEditor/Languages/el.xml
 create mode 100644 extensions/SMLanguageEditor/Languages/en.xml
 create mode 100644 extensions/SMLanguageEditor/Languages/fr.xml
 create mode 100644 extensions/SMLanguageEditor/Languages/sr.xml
 create mode 100644 extensions/SMLanguageEditor/Main.class.php
 create mode 100644 extensions/SMLanguageEditor/metadata.xml
 create mode 100644 extensions/SMLogViewer/FrmViewer.class.php
 create mode 100644 extensions/SMLogViewer/Languages/da.xml
 create mode 100644 extensions/SMLogViewer/Languages/en.xml
 create mode 100644 extensions/SMLogViewer/Main.class.php
 create mode 100644 extensions/SMLogViewer/metadata.xml
 create mode 100644 extensions/SMLogin/FrmLogin.class.php
 create mode 100644 extensions/SMLogin/Languages/da.xml
 create mode 100644 extensions/SMLogin/Languages/de.xml
 create mode 100644 extensions/SMLogin/Languages/el.xml
 create mode 100644 extensions/SMLogin/Languages/en.xml
 create mode 100644 extensions/SMLogin/Languages/fr.xml
 create mode 100644 extensions/SMLogin/Languages/sr.xml
 create mode 100644 extensions/SMLogin/Main.class.php
 create mode 100644 extensions/SMLogin/metadata.xml
 create mode 100644 extensions/SMMenu/FrmLinkList.class.php
 create mode 100644 extensions/SMMenu/FrmMenu.class.php
 create mode 100644 extensions/SMMenu/Languages/da.xml
 create mode 100644 extensions/SMMenu/Languages/de.xml
 create mode 100644 extensions/SMMenu/Languages/el.xml
 create mode 100644 extensions/SMMenu/Languages/en.xml
 create mode 100644 extensions/SMMenu/Languages/fr.xml
 create mode 100644 extensions/SMMenu/Languages/sr.xml
 create mode 100644 extensions/SMMenu/Main.class.php
 create mode 100644 extensions/SMMenu/SMMenu.classes.php
 create mode 100644 extensions/SMMenu/metadata.xml
 create mode 100644 extensions/SMMenu/tables.sql
 create mode 100644 extensions/SMPages/FrmEditor.class.php
 create mode 100644 extensions/SMPages/FrmPages.class.php
 create mode 100644 extensions/SMPages/FrmViewer.class.php
 create mode 100644 extensions/SMPages/Languages/da.xml
 create mode 100644 extensions/SMPages/Languages/de.xml
 create mode 100644 extensions/SMPages/Languages/el.xml
 create mode 100644 extensions/SMPages/Languages/en.xml
 create mode 100644 extensions/SMPages/Languages/fr.xml
 create mode 100644 extensions/SMPages/Languages/sr.xml
 create mode 100644 extensions/SMPages/Main.class.php
 create mode 100644 extensions/SMPages/SMPages.classes.php
 create mode 100644 extensions/SMPages/SMPagesExtension.class.php
 create mode 100644 extensions/SMPages/editor.css
 create mode 100644 extensions/SMPages/editor/langs/da.js
 create mode 100644 extensions/SMPages/editor/langs/de.js
 create mode 100644 extensions/SMPages/editor/langs/el.js
 create mode 100644 extensions/SMPages/editor/langs/en.js
 create mode 100644 extensions/SMPages/editor/license.txt
 create mode 100644 extensions/SMPages/editor/plugins/advhr/css/advhr.css
 create mode 100644 extensions/SMPages/editor/plugins/advhr/editor_plugin.js
 create mode 100644 extensions/SMPages/editor/plugins/advhr/editor_plugin_src.js
 create mode 100644 extensions/SMPages/editor/plugins/advhr/js/rule.js
 create mode 100644 extensions/SMPages/editor/plugins/advhr/langs/da_dlg.js
 create mode 100644 extensions/SMPages/editor/plugins/advhr/langs/de_dlg.js
 create mode 100644 extensions/SMPages/editor/plugins/advhr/langs/el_dlg.js
 create mode 100644 extensions/SMPages/editor/plugins/advhr/langs/en_dlg.js
 create mode 100644 extensions/SMPages/editor/plugins/advhr/rule.htm
 create mode 100644 extensions/SMPages/editor/plugins/advimage/css/advimage.css
 create mode 100644 extensions/SMPages/editor/plugins/advimage/editor_plugin.js
 create mode 100644 extensions/SMPages/editor/plugins/advimage/editor_plugin_src.js
 create mode 100644 extensions/SMPages/editor/plugins/advimage/image.htm
 create mode 100644 extensions/SMPages/editor/plugins/advimage/img/sample.gif
 create mode 100644 extensions/SMPages/editor/plugins/advimage/js/image.js
 create mode 100644 extensions/SMPages/editor/plugins/advimage/langs/da_dlg.js
 create mode 100644 extensions/SMPages/editor/plugins/advimage/langs/de_dlg.js
 create mode 100644 extensions/SMPages/editor/plugins/advimage/langs/el_dlg.js
 create mode 100644 extensions/SMPages/editor/plugins/advimage/langs/en_dlg.js
 create mode 100644 extensions/SMPages/editor/plugins/advlink/css/advlink.css
 create mode 100644 extensions/SMPages/editor/plugins/advlink/editor_plugin.js
 create mode 100644 extensions/SMPages/editor/plugins/advlink/editor_plugin_src.js
 create mode 100644 extensions/SMPages/editor/plugins/advlink/js/advlink.js
 create mode 100644 extensions/SMPages/editor/plugins/advlink/langs/da_dlg.js
 create mode 100644 extensions/SMPages/editor/plugins/advlink/langs/de_dlg.js
 create mode 100644 extensions/SMPages/editor/plugins/advlink/langs/el_dlg.js
 create mode 100644 extensions/SMPages/editor/plugins/advlink/langs/en_dlg.js
 create mode 100644 extensions/SMPages/editor/plugins/advlink/link.htm
 create mode 100644 extensions/SMPages/editor/plugins/advlist/editor_plugin.js
 create mode 100644 extensions/SMPages/editor/plugins/advlist/editor_plugin_src.js
 create mode 100644 extensions/SMPages/editor/plugins/autolink/editor_plugin.js
 create mode 100644 extensions/SMPages/editor/plugins/autolink/editor_plugin_src.js
 create mode 100644 extensions/SMPages/editor/plugins/autoresize/editor_plugin.js
 create mode 100644 extensions/SMPages/editor/plugins/autoresize/editor_plugin_src.js
 create mode 100644 extensions/SMPages/editor/plugins/autosave/editor_plugin.js
 create mode 100644 extensions/SMPages/editor/plugins/autosave/editor_plugin_src.js
 create mode 100644 extensions/SMPages/editor/plugins/bbcode/editor_plugin.js
 create mode 100644 extensions/SMPages/editor/plugins/bbcode/editor_plugin_src.js
 create mode 100644 extensions/SMPages/editor/plugins/contextmenu/editor_plugin.js
 create mode 100644 extensions/SMPages/editor/plugins/contextmenu/editor_plugin_src.js
 create mode 100644 extensions/SMPages/editor/plugins/directionality/editor_plugin.js
 create mode 100644 extensions/SMPages/editor/plugins/directionality/editor_plugin_src.js
 create mode 100644 extensions/SMPages/editor/plugins/emotions/editor_plugin.js
 create mode 100644 extensions/SMPages/editor/plugins/emotions/editor_plugin_src.js
 create mode 100644 extensions/SMPages/editor/plugins/emotions/emotions.htm
 create mode 100644 extensions/SMPages/editor/plugins/emotions/img/smiley-cool.gif
 create mode 100644 extensions/SMPages/editor/plugins/emotions/img/smiley-cry.gif
 create mode 100644 extensions/SMPages/editor/plugins/emotions/img/smiley-embarassed.gif
 create mode 100644 extensions/SMPages/editor/plugins/emotions/img/smiley-foot-in-mouth.gif
 create mode 100644 extensions/SMPages/editor/plugins/emotions/img/smiley-frown.gif
 create mode 100644 extensions/SMPages/editor/plugins/emotions/img/smiley-innocent.gif
 create mode 100644 extensions/SMPages/editor/plugins/emotions/img/smiley-kiss.gif
 create mode 100644 extensions/SMPages/editor/plugins/emotions/img/smiley-laughing.gif
 create mode 100644 extensions/SMPages/editor/plugins/emotions/img/smiley-money-mouth.gif
 create mode 100644 extensions/SMPages/editor/plugins/emotions/img/smiley-sealed.gif
 create mode 100644 extensions/SMPages/editor/plugins/emotions/img/smiley-smile.gif
 create mode 100644 extensions/SMPages/editor/plugins/emotions/img/smiley-surprised.gif
 create mode 100644 extensions/SMPages/editor/plugins/emotions/img/smiley-tongue-out.gif
 create mode 100644 extensions/SMPages/editor/plugins/emotions/img/smiley-undecided.gif
 create mode 100644 extensions/SMPages/editor/plugins/emotions/img/smiley-wink.gif
 create mode 100644 extensions/SMPages/editor/plugins/emotions/img/smiley-yell.gif
 create mode 100644 extensions/SMPages/editor/plugins/emotions/js/emotions.js
 create mode 100644 extensions/SMPages/editor/plugins/emotions/langs/da_dlg.js
 create mode 100644 extensions/SMPages/editor/plugins/emotions/langs/de_dlg.js
 create mode 100644 extensions/SMPages/editor/plugins/emotions/langs/el_dlg.js
 create mode 100644 extensions/SMPages/editor/plugins/emotions/langs/en_dlg.js
 create mode 100644 extensions/SMPages/editor/plugins/example/dialog.htm
 create mode 100644 extensions/SMPages/editor/plugins/example/editor_plugin.js
 create mode 100644 extensions/SMPages/editor/plugins/example/editor_plugin_src.js
 create mode 100644 extensions/SMPages/editor/plugins/example/img/example.gif
 create mode 100644 extensions/SMPages/editor/plugins/example/js/dialog.js
 create mode 100644 extensions/SMPages/editor/plugins/example/langs/en.js
 create mode 100644 extensions/SMPages/editor/plugins/example/langs/en_dlg.js
 create mode 100644 extensions/SMPages/editor/plugins/example_dependency/editor_plugin.js
 create mode 100644 extensions/SMPages/editor/plugins/example_dependency/editor_plugin_src.js
 create mode 100644 extensions/SMPages/editor/plugins/fullpage/css/fullpage.css
 create mode 100644 extensions/SMPages/editor/plugins/fullpage/editor_plugin.js
 create mode 100644 extensions/SMPages/editor/plugins/fullpage/editor_plugin_src.js
 create mode 100644 extensions/SMPages/editor/plugins/fullpage/fullpage.htm
 create mode 100644 extensions/SMPages/editor/plugins/fullpage/js/fullpage.js
 create mode 100644 extensions/SMPages/editor/plugins/fullpage/langs/da_dlg.js
 create mode 100644 extensions/SMPages/editor/plugins/fullpage/langs/de_dlg.js
 create mode 100644 extensions/SMPages/editor/plugins/fullpage/langs/el_dlg.js
 create mode 100644 extensions/SMPages/editor/plugins/fullpage/langs/en_dlg.js
 create mode 100644 extensions/SMPages/editor/plugins/fullscreen/editor_plugin.js
 create mode 100644 extensions/SMPages/editor/plugins/fullscreen/editor_plugin_src.js
 create mode 100644 extensions/SMPages/editor/plugins/fullscreen/fullscreen.htm
 create mode 100644 extensions/SMPages/editor/plugins/iespell/editor_plugin.js
 create mode 100644 extensions/SMPages/editor/plugins/iespell/editor_plugin_src.js
 create mode 100644 extensions/SMPages/editor/plugins/inlinepopups/editor_plugin.js
 create mode 100644 extensions/SMPages/editor/plugins/inlinepopups/editor_plugin_src.js
 create mode 100644 extensions/SMPages/editor/plugins/inlinepopups/skins/clearlooks2/img/alert.gif
 create mode 100644 extensions/SMPages/editor/plugins/inlinepopups/skins/clearlooks2/img/button.gif
 create mode 100644 extensions/SMPages/editor/plugins/inlinepopups/skins/clearlooks2/img/buttons.gif
 create mode 100644 extensions/SMPages/editor/plugins/inlinepopups/skins/clearlooks2/img/confirm.gif
 create mode 100644 extensions/SMPages/editor/plugins/inlinepopups/skins/clearlooks2/img/corners.gif
 create mode 100644 extensions/SMPages/editor/plugins/inlinepopups/skins/clearlooks2/img/horizontal.gif
 create mode 100644 extensions/SMPages/editor/plugins/inlinepopups/skins/clearlooks2/img/vertical.gif
 create mode 100644 extensions/SMPages/editor/plugins/inlinepopups/skins/clearlooks2/window.css
 create mode 100644 extensions/SMPages/editor/plugins/inlinepopups/template.htm
 create mode 100644 extensions/SMPages/editor/plugins/insertdatetime/editor_plugin.js
 create mode 100644 extensions/SMPages/editor/plugins/insertdatetime/editor_plugin_src.js
 create mode 100644 extensions/SMPages/editor/plugins/layer/editor_plugin.js
 create mode 100644 extensions/SMPages/editor/plugins/layer/editor_plugin_src.js
 create mode 100644 extensions/SMPages/editor/plugins/legacyoutput/editor_plugin.js
 create mode 100644 extensions/SMPages/editor/plugins/legacyoutput/editor_plugin_src.js
 create mode 100644 extensions/SMPages/editor/plugins/lists/editor_plugin.js
 create mode 100644 extensions/SMPages/editor/plugins/lists/editor_plugin_src.js
 create mode 100644 extensions/SMPages/editor/plugins/media/css/media.css
 create mode 100644 extensions/SMPages/editor/plugins/media/editor_plugin.js
 create mode 100644 extensions/SMPages/editor/plugins/media/editor_plugin_src.js
 create mode 100644 extensions/SMPages/editor/plugins/media/js/embed.js
 create mode 100644 extensions/SMPages/editor/plugins/media/js/media.js
 create mode 100644 extensions/SMPages/editor/plugins/media/langs/da_dlg.js
 create mode 100644 extensions/SMPages/editor/plugins/media/langs/de_dlg.js
 create mode 100644 extensions/SMPages/editor/plugins/media/langs/el_dlg.js
 create mode 100644 extensions/SMPages/editor/plugins/media/langs/en_dlg.js
 create mode 100644 extensions/SMPages/editor/plugins/media/media.htm
 create mode 100644 extensions/SMPages/editor/plugins/media/moxieplayer.swf
 create mode 100644 extensions/SMPages/editor/plugins/nonbreaking/editor_plugin.js
 create mode 100644 extensions/SMPages/editor/plugins/nonbreaking/editor_plugin_src.js
 create mode 100644 extensions/SMPages/editor/plugins/noneditable/editor_plugin.js
 create mode 100644 extensions/SMPages/editor/plugins/noneditable/editor_plugin_src.js
 create mode 100644 extensions/SMPages/editor/plugins/pagebreak/editor_plugin.js
 create mode 100644 extensions/SMPages/editor/plugins/pagebreak/editor_plugin_src.js
 create mode 100644 extensions/SMPages/editor/plugins/paste/editor_plugin.js
 create mode 100644 extensions/SMPages/editor/plugins/paste/editor_plugin_src.js
 create mode 100644 extensions/SMPages/editor/plugins/paste/js/pastetext.js
 create mode 100644 extensions/SMPages/editor/plugins/paste/js/pasteword.js
 create mode 100644 extensions/SMPages/editor/plugins/paste/langs/da_dlg.js
 create mode 100644 extensions/SMPages/editor/plugins/paste/langs/de_dlg.js
 create mode 100644 extensions/SMPages/editor/plugins/paste/langs/el_dlg.js
 create mode 100644 extensions/SMPages/editor/plugins/paste/langs/en_dlg.js
 create mode 100644 extensions/SMPages/editor/plugins/paste/pastetext.htm
 create mode 100644 extensions/SMPages/editor/plugins/paste/pasteword.htm
 create mode 100644 extensions/SMPages/editor/plugins/preview/editor_plugin.js
 create mode 100644 extensions/SMPages/editor/plugins/preview/editor_plugin_src.js
 create mode 100644 extensions/SMPages/editor/plugins/preview/example.html
 create mode 100644 extensions/SMPages/editor/plugins/preview/jscripts/embed.js
 create mode 100644 extensions/SMPages/editor/plugins/preview/preview.html
 create mode 100644 extensions/SMPages/editor/plugins/print/editor_plugin.js
 create mode 100644 extensions/SMPages/editor/plugins/print/editor_plugin_src.js
 create mode 100644 extensions/SMPages/editor/plugins/save/editor_plugin.js
 create mode 100644 extensions/SMPages/editor/plugins/save/editor_plugin_src.js
 create mode 100644 extensions/SMPages/editor/plugins/searchreplace/css/searchreplace.css
 create mode 100644 extensions/SMPages/editor/plugins/searchreplace/editor_plugin.js
 create mode 100644 extensions/SMPages/editor/plugins/searchreplace/editor_plugin_src.js
 create mode 100644 extensions/SMPages/editor/plugins/searchreplace/js/searchreplace.js
 create mode 100644 extensions/SMPages/editor/plugins/searchreplace/langs/da_dlg.js
 create mode 100644 extensions/SMPages/editor/plugins/searchreplace/langs/de_dlg.js
 create mode 100644 extensions/SMPages/editor/plugins/searchreplace/langs/el_dlg.js
 create mode 100644 extensions/SMPages/editor/plugins/searchreplace/langs/en_dlg.js
 create mode 100644 extensions/SMPages/editor/plugins/searchreplace/searchreplace.htm
 create mode 100644 extensions/SMPages/editor/plugins/smextensions/dialog.htm
 create mode 100644 extensions/SMPages/editor/plugins/smextensions/editor_plugin.js
 create mode 100644 extensions/SMPages/editor/plugins/smextensions/editor_plugin_src.js
 create mode 100644 extensions/SMPages/editor/plugins/smextensions/img/button.gif
 create mode 100644 extensions/SMPages/editor/plugins/smextensions/img/placeholder.gif
 create mode 100644 extensions/SMPages/editor/plugins/smextensions/js/dialog.js
 create mode 100644 extensions/SMPages/editor/plugins/smextensions/langs/da.js
 create mode 100644 extensions/SMPages/editor/plugins/smextensions/langs/da_dlg.js
 create mode 100644 extensions/SMPages/editor/plugins/smextensions/langs/de.js
 create mode 100644 extensions/SMPages/editor/plugins/smextensions/langs/de_dlg.js
 create mode 100644 extensions/SMPages/editor/plugins/smextensions/langs/el.js
 create mode 100644 extensions/SMPages/editor/plugins/smextensions/langs/el_dlg.js
 create mode 100644 extensions/SMPages/editor/plugins/smextensions/langs/en.js
 create mode 100644 extensions/SMPages/editor/plugins/smextensions/langs/en_dlg.js
 create mode 100644 extensions/SMPages/editor/plugins/spellchecker/css/content.css
 create mode 100644 extensions/SMPages/editor/plugins/spellchecker/editor_plugin.js
 create mode 100644 extensions/SMPages/editor/plugins/spellchecker/editor_plugin_src.js
 create mode 100644 extensions/SMPages/editor/plugins/spellchecker/img/wline.gif
 create mode 100644 extensions/SMPages/editor/plugins/style/css/props.css
 create mode 100644 extensions/SMPages/editor/plugins/style/editor_plugin.js
 create mode 100644 extensions/SMPages/editor/plugins/style/editor_plugin_src.js
 create mode 100644 extensions/SMPages/editor/plugins/style/js/props.js
 create mode 100644 extensions/SMPages/editor/plugins/style/langs/da_dlg.js
 create mode 100644 extensions/SMPages/editor/plugins/style/langs/de_dlg.js
 create mode 100644 extensions/SMPages/editor/plugins/style/langs/el_dlg.js
 create mode 100644 extensions/SMPages/editor/plugins/style/langs/en_dlg.js
 create mode 100644 extensions/SMPages/editor/plugins/style/props.htm
 create mode 100644 extensions/SMPages/editor/plugins/style/readme.txt
 create mode 100644 extensions/SMPages/editor/plugins/tabfocus/editor_plugin.js
 create mode 100644 extensions/SMPages/editor/plugins/tabfocus/editor_plugin_src.js
 create mode 100644 extensions/SMPages/editor/plugins/table/cell.htm
 create mode 100644 extensions/SMPages/editor/plugins/table/css/cell.css
 create mode 100644 extensions/SMPages/editor/plugins/table/css/row.css
 create mode 100644 extensions/SMPages/editor/plugins/table/css/table.css
 create mode 100644 extensions/SMPages/editor/plugins/table/editor_plugin.js
 create mode 100644 extensions/SMPages/editor/plugins/table/editor_plugin_src.js
 create mode 100644 extensions/SMPages/editor/plugins/table/js/cell.js
 create mode 100644 extensions/SMPages/editor/plugins/table/js/merge_cells.js
 create mode 100644 extensions/SMPages/editor/plugins/table/js/row.js
 create mode 100644 extensions/SMPages/editor/plugins/table/js/table.js
 create mode 100644 extensions/SMPages/editor/plugins/table/langs/da_dlg.js
 create mode 100644 extensions/SMPages/editor/plugins/table/langs/de_dlg.js
 create mode 100644 extensions/SMPages/editor/plugins/table/langs/el_dlg.js
 create mode 100644 extensions/SMPages/editor/plugins/table/langs/en_dlg.js
 create mode 100644 extensions/SMPages/editor/plugins/table/merge_cells.htm
 create mode 100644 extensions/SMPages/editor/plugins/table/row.htm
 create mode 100644 extensions/SMPages/editor/plugins/table/table.htm
 create mode 100644 extensions/SMPages/editor/plugins/template/blank.htm
 create mode 100644 extensions/SMPages/editor/plugins/template/css/template.css
 create mode 100644 extensions/SMPages/editor/plugins/template/editor_plugin.js
 create mode 100644 extensions/SMPages/editor/plugins/template/editor_plugin_src.js
 create mode 100644 extensions/SMPages/editor/plugins/template/js/template.js
 create mode 100644 extensions/SMPages/editor/plugins/template/langs/da_dlg.js
 create mode 100644 extensions/SMPages/editor/plugins/template/langs/de_dlg.js
 create mode 100644 extensions/SMPages/editor/plugins/template/langs/el_dlg.js
 create mode 100644 extensions/SMPages/editor/plugins/template/langs/en_dlg.js
 create mode 100644 extensions/SMPages/editor/plugins/template/template.htm
 create mode 100644 extensions/SMPages/editor/plugins/visualblocks/css/visualblocks.css
 create mode 100644 extensions/SMPages/editor/plugins/visualblocks/editor_plugin.js
 create mode 100644 extensions/SMPages/editor/plugins/visualblocks/editor_plugin_src.js
 create mode 100644 extensions/SMPages/editor/plugins/visualchars/editor_plugin.js
 create mode 100644 extensions/SMPages/editor/plugins/visualchars/editor_plugin_src.js
 create mode 100644 extensions/SMPages/editor/plugins/wordcount/editor_plugin.js
 create mode 100644 extensions/SMPages/editor/plugins/wordcount/editor_plugin_src.js
 create mode 100644 extensions/SMPages/editor/plugins/xhtmlxtras/abbr.htm
 create mode 100644 extensions/SMPages/editor/plugins/xhtmlxtras/acronym.htm
 create mode 100644 extensions/SMPages/editor/plugins/xhtmlxtras/attributes.htm
 create mode 100644 extensions/SMPages/editor/plugins/xhtmlxtras/cite.htm
 create mode 100644 extensions/SMPages/editor/plugins/xhtmlxtras/css/attributes.css
 create mode 100644 extensions/SMPages/editor/plugins/xhtmlxtras/css/popup.css
 create mode 100644 extensions/SMPages/editor/plugins/xhtmlxtras/del.htm
 create mode 100644 extensions/SMPages/editor/plugins/xhtmlxtras/editor_plugin.js
 create mode 100644 extensions/SMPages/editor/plugins/xhtmlxtras/editor_plugin_src.js
 create mode 100644 extensions/SMPages/editor/plugins/xhtmlxtras/ins.htm
 create mode 100644 extensions/SMPages/editor/plugins/xhtmlxtras/js/abbr.js
 create mode 100644 extensions/SMPages/editor/plugins/xhtmlxtras/js/acronym.js
 create mode 100644 extensions/SMPages/editor/plugins/xhtmlxtras/js/attributes.js
 create mode 100644 extensions/SMPages/editor/plugins/xhtmlxtras/js/cite.js
 create mode 100644 extensions/SMPages/editor/plugins/xhtmlxtras/js/del.js
 create mode 100644 extensions/SMPages/editor/plugins/xhtmlxtras/js/element_common.js
 create mode 100644 extensions/SMPages/editor/plugins/xhtmlxtras/js/ins.js
 create mode 100644 extensions/SMPages/editor/plugins/xhtmlxtras/langs/da_dlg.js
 create mode 100644 extensions/SMPages/editor/plugins/xhtmlxtras/langs/de_dlg.js
 create mode 100644 extensions/SMPages/editor/plugins/xhtmlxtras/langs/el_dlg.js
 create mode 100644 extensions/SMPages/editor/plugins/xhtmlxtras/langs/en_dlg.js
 create mode 100644 extensions/SMPages/editor/themes/advanced/about.htm
 create mode 100644 extensions/SMPages/editor/themes/advanced/anchor.htm
 create mode 100644 extensions/SMPages/editor/themes/advanced/charmap.htm
 create mode 100644 extensions/SMPages/editor/themes/advanced/color_picker.htm
 create mode 100644 extensions/SMPages/editor/themes/advanced/editor_template.js
 create mode 100644 extensions/SMPages/editor/themes/advanced/editor_template_src.js
 create mode 100644 extensions/SMPages/editor/themes/advanced/image.htm
 create mode 100644 extensions/SMPages/editor/themes/advanced/img/colorpicker.jpg
 create mode 100644 extensions/SMPages/editor/themes/advanced/img/flash.gif
 create mode 100644 extensions/SMPages/editor/themes/advanced/img/icons.gif
 create mode 100644 extensions/SMPages/editor/themes/advanced/img/iframe.gif
 create mode 100644 extensions/SMPages/editor/themes/advanced/img/pagebreak.gif
 create mode 100644 extensions/SMPages/editor/themes/advanced/img/quicktime.gif
 create mode 100644 extensions/SMPages/editor/themes/advanced/img/realmedia.gif
 create mode 100644 extensions/SMPages/editor/themes/advanced/img/shockwave.gif
 create mode 100644 extensions/SMPages/editor/themes/advanced/img/trans.gif
 create mode 100644 extensions/SMPages/editor/themes/advanced/img/video.gif
 create mode 100644 extensions/SMPages/editor/themes/advanced/img/windowsmedia.gif
 create mode 100644 extensions/SMPages/editor/themes/advanced/js/about.js
 create mode 100644 extensions/SMPages/editor/themes/advanced/js/anchor.js
 create mode 100644 extensions/SMPages/editor/themes/advanced/js/charmap.js
 create mode 100644 extensions/SMPages/editor/themes/advanced/js/color_picker.js
 create mode 100644 extensions/SMPages/editor/themes/advanced/js/image.js
 create mode 100644 extensions/SMPages/editor/themes/advanced/js/link.js
 create mode 100644 extensions/SMPages/editor/themes/advanced/js/source_editor.js
 create mode 100644 extensions/SMPages/editor/themes/advanced/langs/da.js
 create mode 100644 extensions/SMPages/editor/themes/advanced/langs/da_dlg.js
 create mode 100644 extensions/SMPages/editor/themes/advanced/langs/de.js
 create mode 100644 extensions/SMPages/editor/themes/advanced/langs/de_dlg.js
 create mode 100644 extensions/SMPages/editor/themes/advanced/langs/el.js
 create mode 100644 extensions/SMPages/editor/themes/advanced/langs/el_dlg.js
 create mode 100644 extensions/SMPages/editor/themes/advanced/langs/en.js
 create mode 100644 extensions/SMPages/editor/themes/advanced/langs/en_dlg.js
 create mode 100644 extensions/SMPages/editor/themes/advanced/link.htm
 create mode 100644 extensions/SMPages/editor/themes/advanced/shortcuts.htm
 create mode 100644 extensions/SMPages/editor/themes/advanced/skins/default/content.css
 create mode 100644 extensions/SMPages/editor/themes/advanced/skins/default/dialog.css
 create mode 100644 extensions/SMPages/editor/themes/advanced/skins/default/img/buttons.png
 create mode 100644 extensions/SMPages/editor/themes/advanced/skins/default/img/items.gif
 create mode 100644 extensions/SMPages/editor/themes/advanced/skins/default/img/menu_arrow.gif
 create mode 100644 extensions/SMPages/editor/themes/advanced/skins/default/img/menu_check.gif
 create mode 100644 extensions/SMPages/editor/themes/advanced/skins/default/img/progress.gif
 create mode 100644 extensions/SMPages/editor/themes/advanced/skins/default/img/tabs.gif
 create mode 100644 extensions/SMPages/editor/themes/advanced/skins/default/ui.css
 create mode 100644 extensions/SMPages/editor/themes/advanced/skins/highcontrast/content.css
 create mode 100644 extensions/SMPages/editor/themes/advanced/skins/highcontrast/dialog.css
 create mode 100644 extensions/SMPages/editor/themes/advanced/skins/highcontrast/ui.css
 create mode 100644 extensions/SMPages/editor/themes/advanced/skins/o2k7/content.css
 create mode 100644 extensions/SMPages/editor/themes/advanced/skins/o2k7/dialog.css
 create mode 100644 extensions/SMPages/editor/themes/advanced/skins/o2k7/img/button_bg.png
 create mode 100644 extensions/SMPages/editor/themes/advanced/skins/o2k7/img/button_bg_black.png
 create mode 100644 extensions/SMPages/editor/themes/advanced/skins/o2k7/img/button_bg_silver.png
 create mode 100644 extensions/SMPages/editor/themes/advanced/skins/o2k7/ui.css
 create mode 100644 extensions/SMPages/editor/themes/advanced/skins/o2k7/ui_black.css
 create mode 100644 extensions/SMPages/editor/themes/advanced/skins/o2k7/ui_silver.css
 create mode 100644 extensions/SMPages/editor/themes/advanced/source_editor.htm
 create mode 100644 extensions/SMPages/editor/themes/simple/editor_template.js
 create mode 100644 extensions/SMPages/editor/themes/simple/editor_template_src.js
 create mode 100644 extensions/SMPages/editor/themes/simple/img/icons.gif
 create mode 100644 extensions/SMPages/editor/themes/simple/langs/da.js
 create mode 100644 extensions/SMPages/editor/themes/simple/langs/de.js
 create mode 100644 extensions/SMPages/editor/themes/simple/langs/el.js
 create mode 100644 extensions/SMPages/editor/themes/simple/langs/en.js
 create mode 100644 extensions/SMPages/editor/themes/simple/skins/default/content.css
 create mode 100644 extensions/SMPages/editor/themes/simple/skins/default/ui.css
 create mode 100644 extensions/SMPages/editor/themes/simple/skins/o2k7/content.css
 create mode 100644 extensions/SMPages/editor/themes/simple/skins/o2k7/img/button_bg.png
 create mode 100644 extensions/SMPages/editor/themes/simple/skins/o2k7/ui.css
 create mode 100644 extensions/SMPages/editor/tiny_mce.js
 create mode 100644 extensions/SMPages/editor/tiny_mce_popup.js
 create mode 100644 extensions/SMPages/editor/tiny_mce_src.js
 create mode 100644 extensions/SMPages/editor/utils/editable_selects.js
 create mode 100644 extensions/SMPages/editor/utils/form_utils.js
 create mode 100644 extensions/SMPages/editor/utils/mctabs.js
 create mode 100644 extensions/SMPages/editor/utils/validate.js
 create mode 100644 extensions/SMPages/htaccess
 create mode 100644 extensions/SMPages/images/AddFooter.png
 create mode 100644 extensions/SMPages/images/AddHeader.png
 create mode 100644 extensions/SMPages/images/RemoveFooter.png
 create mode 100644 extensions/SMPages/images/RemoveHeader.png
 create mode 100644 extensions/SMPages/metadata.xml
 create mode 100644 extensions/SMPages/tables.sql
 create mode 100644 extensions/SMRating/ContentPageExtension.class.php
 create mode 100644 extensions/SMRating/Languages/da.xml
 create mode 100644 extensions/SMRating/Languages/de.xml
 create mode 100644 extensions/SMRating/Languages/el.xml
 create mode 100644 extensions/SMRating/Languages/en.xml
 create mode 100644 extensions/SMRating/Languages/fr.xml
 create mode 100644 extensions/SMRating/Languages/sr.xml
 create mode 100644 extensions/SMRating/Main.class.php
 create mode 100644 extensions/SMRating/SMRating.class.php
 create mode 100644 extensions/SMRating/images/rating.png
 create mode 100644 extensions/SMRating/images/ratingselection.png
 create mode 100644 extensions/SMRating/images/ratingunselected.png
 create mode 100644 extensions/SMRating/metadata.xml
 create mode 100644 extensions/SMRating/tables.sql
 create mode 100644 extensions/SMSearch/ContentPageExtension.class.php
 create mode 100644 extensions/SMSearch/FrmResults.class.php
 create mode 100644 extensions/SMSearch/FrmSearch.class.php
 create mode 100644 extensions/SMSearch/Languages/da.xml
 create mode 100644 extensions/SMSearch/Languages/de.xml
 create mode 100644 extensions/SMSearch/Languages/el.xml
 create mode 100644 extensions/SMSearch/Languages/en.xml
 create mode 100644 extensions/SMSearch/Languages/fr.xml
 create mode 100644 extensions/SMSearch/Languages/sr.xml
 create mode 100644 extensions/SMSearch/Main.class.php
 create mode 100644 extensions/SMSearch/metadata.xml
 create mode 100644 extensions/SMTips/Callbacks/disable.callback.php
 create mode 100644 extensions/SMTips/Languages/da.xml
 create mode 100644 extensions/SMTips/Languages/de.xml
 create mode 100644 extensions/SMTips/Languages/el.xml
 create mode 100644 extensions/SMTips/Languages/en.xml
 create mode 100644 extensions/SMTips/Languages/fr.xml
 create mode 100644 extensions/SMTips/Languages/sr.xml
 create mode 100644 extensions/SMTips/Main.class.php
 create mode 100644 extensions/SMTips/Resources/SpeechBubble.css
 create mode 100644 extensions/SMTips/Resources/SpeechBubble.js
 create mode 100644 extensions/SMTips/metadata.xml
 create mode 100644 favicon.ico
 create mode 100644 files/editor/extensions.js
 create mode 100644 files/editor/images.js
 create mode 100644 files/editor/links.js
 create mode 100644 files/gallery/Fashion Store/Accessories.jpeg
 create mode 100644 files/gallery/Fashion Store/Accessories2.jpg
 create mode 100644 files/gallery/Fashion Store/Accessories3.jpeg
 create mode 100644 files/gallery/Fashion Store/Bags.jpeg
 create mode 100644 files/gallery/Fashion Store/Bags2.jpeg
 create mode 100644 files/gallery/Fashion Store/Clothing.jpeg
 create mode 100644 files/gallery/Fashion Store/Clothing2.jpeg
 create mode 100644 files/gallery/Fashion Store/Clothing3.jpeg
 create mode 100644 files/gallery/Fashion Store/Floor.jpeg
 create mode 100644 files/gallery/Fashion Store/Glasses.jpeg
 create mode 100644 files/gallery/Fashion Store/Shirts.jpeg
 create mode 100644 files/gallery/Fashion Store/Shoes.jpeg
 create mode 100644 files/gallery/Fashion Store/Shoes2.jpeg
 create mode 100644 files/gallery/Fashion Store/Shoes3.jpeg
 create mode 100644 files/gallery/Fashion Store/Shoes4.jpeg
 create mode 100644 files/gallery/Fashion Store/Shoes5.jpeg
 create mode 100644 files/gallery/Fashion Store/Ties.jpeg
 create mode 100644 files/gallery/Fashion Store/Watch.jpeg
 create mode 100644 files/gallery/Fashion Store/Watch2.jpeg
 create mode 100644 files/gallery/Fashion Store/Watch3.jpg
 create mode 100644 files/images/CoffeeShop/BoardGame.jpeg
 create mode 100644 files/images/CoffeeShop/Cappuccino.jpg
 create mode 100644 files/images/CoffeeShop/Coffee-Coco.jpeg
 create mode 100644 files/images/CoffeeShop/Espresso.jpg
 create mode 100644 files/images/CoffeeShop/Frontpage.jpg
 create mode 100644 files/images/CoffeeShop/Latte.jpg
 create mode 100644 files/images/CoffeeShop/License.txt
 create mode 100644 files/images/CoffeeShop/ThePlace.jpg
 create mode 100644 files/images/Fashion/FrontPage.jpeg
 create mode 100644 files/images/Fashion/License.txt
 create mode 100644 files/images/Fashion/Man.jpeg
 create mode 100644 files/images/Fashion/Woman.jpeg
 create mode 100644 files/images/Seasons/Autumn.jpeg
 create mode 100644 files/images/Seasons/Letter.jpeg
 create mode 100644 files/images/Seasons/License.txt
 create mode 100644 files/images/Seasons/Spring.jpeg
 create mode 100644 files/images/Seasons/Summer.jpeg
 create mode 100644 files/images/Seasons/Winter.jpg
 create mode 100644 files/images/Seasons/Wood-Flowers.jpeg
 create mode 100644 files/images/Sunrise2/Facebook.png
 create mode 100644 files/images/Sunrise2/LinkedIn.png
 create mode 100644 files/images/Sunrise2/People.jpg
 create mode 100644 files/images/Sunrise2/ScreenShots/CoffeeShop-Coffee.jpeg
 create mode 100644 files/images/Sunrise2/ScreenShots/CoffeeShop-Contact.jpeg
 create mode 100644 files/images/Sunrise2/ScreenShots/CoffeeShop-Welcome.jpeg
 create mode 100644 files/images/Sunrise2/ScreenShots/Fashion-FrontPage.jpeg
 create mode 100644 files/images/Sunrise2/ScreenShots/Fashion-Store.jpeg
 create mode 100644 files/images/Sunrise2/ScreenShots/Mobile-maps.jpg
 create mode 100644 files/images/Sunrise2/ScreenShots/Mobile-profile.jpg
 create mode 100644 files/images/Sunrise2/ScreenShots/RealEstate-About.jpeg
 create mode 100644 files/images/Sunrise2/ScreenShots/RealEstate-InteriorDesign.jpeg
 create mode 100644 files/images/Sunrise2/ScreenShots/RealEstate-Listings.jpeg
 create mode 100644 files/images/Sunrise2/ScreenShots/Seasons-Autumn.jpeg
 create mode 100644 files/images/Sunrise2/ScreenShots/WorldPlayground-Contact.jpeg
 create mode 100644 files/images/Sunrise2/ScreenShots/WorldPlayground-FrontPage.jpeg
 create mode 100644 files/images/Sunrise2/Twitter.png
 create mode 100644 files/images/backgrounds/DarkWater.jpg
 create mode 100644 files/images/backgrounds/Forrest.jpg
 create mode 100644 files/images/backgrounds/Galaxy.jpg
 create mode 100644 files/images/backgrounds/Sky.jpg
 create mode 100644 files/images/backgrounds/Sunrise.jpg
 create mode 100644 files/images/backgrounds/Sunset.jpg
 create mode 100644 images/Default/browse.png
 create mode 100644 images/Default/clear.png
 create mode 100644 images/Default/create.png
 create mode 100644 images/Default/delete.png
 create mode 100644 images/Default/display.png
 create mode 100644 images/Default/down.png
 create mode 100644 images/Default/help.png
 create mode 100644 images/Default/information.png
 create mode 100644 images/Default/left.png
 create mode 100644 images/Default/lock.png
 create mode 100644 images/Default/mail.png
 create mode 100644 images/Default/modify.png
 create mode 100644 images/Default/properties.png
 create mode 100644 images/Default/right.png
 create mode 100644 images/Default/save.png
 create mode 100644 images/Default/search.png
 create mode 100644 images/Default/settings.png
 create mode 100644 images/Default/unlock.png
 create mode 100644 images/Default/up.png
 create mode 100644 images/Default/update.png
 create mode 100644 images/DefaultBlue/browse.png
 create mode 100644 images/DefaultBlue/clear.png
 create mode 100644 images/DefaultBlue/create.png
 create mode 100644 images/DefaultBlue/delete.png
 create mode 100644 images/DefaultBlue/display.png
 create mode 100644 images/DefaultBlue/down.png
 create mode 100644 images/DefaultBlue/help.png
 create mode 100644 images/DefaultBlue/information.png
 create mode 100644 images/DefaultBlue/left.png
 create mode 100644 images/DefaultBlue/lock.png
 create mode 100644 images/DefaultBlue/mail.png
 create mode 100644 images/DefaultBlue/modify.png
 create mode 100644 images/DefaultBlue/properties.png
 create mode 100644 images/DefaultBlue/right.png
 create mode 100644 images/DefaultBlue/save.png
 create mode 100644 images/DefaultBlue/search.png
 create mode 100644 images/DefaultBlue/settings.png
 create mode 100644 images/DefaultBlue/unlock.png
 create mode 100644 images/DefaultBlue/up.png
 create mode 100644 images/DefaultBlue/update.png
 create mode 100644 images/DefaultGreen/browse.png
 create mode 100644 images/DefaultGreen/clear.png
 create mode 100644 images/DefaultGreen/create.png
 create mode 100644 images/DefaultGreen/delete.png
 create mode 100644 images/DefaultGreen/display.png
 create mode 100644 images/DefaultGreen/down.png
 create mode 100644 images/DefaultGreen/help.png
 create mode 100644 images/DefaultGreen/information.png
 create mode 100644 images/DefaultGreen/left.png
 create mode 100644 images/DefaultGreen/lock.png
 create mode 100644 images/DefaultGreen/mail.png
 create mode 100644 images/DefaultGreen/modify.png
 create mode 100644 images/DefaultGreen/properties.png
 create mode 100644 images/DefaultGreen/right.png
 create mode 100644 images/DefaultGreen/save.png
 create mode 100644 images/DefaultGreen/search.png
 create mode 100644 images/DefaultGreen/settings.png
 create mode 100644 images/DefaultGreen/unlock.png
 create mode 100644 images/DefaultGreen/up.png
 create mode 100644 images/DefaultGreen/update.png
 create mode 100644 images/DefaultOrange/browse.png
 create mode 100644 images/DefaultOrange/clear.png
 create mode 100644 images/DefaultOrange/create.png
 create mode 100644 images/DefaultOrange/delete.png
 create mode 100644 images/DefaultOrange/display.png
 create mode 100644 images/DefaultOrange/down.png
 create mode 100644 images/DefaultOrange/help.png
 create mode 100644 images/DefaultOrange/information.png
 create mode 100644 images/DefaultOrange/left.png
 create mode 100644 images/DefaultOrange/lock.png
 create mode 100644 images/DefaultOrange/mail.png
 create mode 100644 images/DefaultOrange/modify.png
 create mode 100644 images/DefaultOrange/properties.png
 create mode 100644 images/DefaultOrange/right.png
 create mode 100644 images/DefaultOrange/save.png
 create mode 100644 images/DefaultOrange/search.png
 create mode 100644 images/DefaultOrange/settings.png
 create mode 100644 images/DefaultOrange/unlock.png
 create mode 100644 images/DefaultOrange/up.png
 create mode 100644 images/DefaultOrange/update.png
 create mode 100644 images/DefaultWhite/browse.png
 create mode 100644 images/DefaultWhite/clear.png
 create mode 100644 images/DefaultWhite/create.png
 create mode 100644 images/DefaultWhite/delete.png
 create mode 100644 images/DefaultWhite/display.png
 create mode 100644 images/DefaultWhite/down.png
 create mode 100644 images/DefaultWhite/help.png
 create mode 100644 images/DefaultWhite/information.png
 create mode 100644 images/DefaultWhite/left.png
 create mode 100644 images/DefaultWhite/lock.png
 create mode 100644 images/DefaultWhite/mail.png
 create mode 100644 images/DefaultWhite/modify.png
 create mode 100644 images/DefaultWhite/properties.png
 create mode 100644 images/DefaultWhite/right.png
 create mode 100644 images/DefaultWhite/save.png
 create mode 100644 images/DefaultWhite/search.png
 create mode 100644 images/DefaultWhite/settings.png
 create mode 100644 images/DefaultWhite/unlock.png
 create mode 100644 images/DefaultWhite/up.png
 create mode 100644 images/DefaultWhite/update.png
 create mode 100644 images/Sitemagic2009/browse.gif
 create mode 100644 images/Sitemagic2009/clear.gif
 create mode 100644 images/Sitemagic2009/create.gif
 create mode 100644 images/Sitemagic2009/delete.gif
 create mode 100644 images/Sitemagic2009/display.gif
 create mode 100644 images/Sitemagic2009/down.gif
 create mode 100644 images/Sitemagic2009/help.gif
 create mode 100644 images/Sitemagic2009/information.gif
 create mode 100644 images/Sitemagic2009/left.gif
 create mode 100644 images/Sitemagic2009/lock.gif
 create mode 100644 images/Sitemagic2009/mail.gif
 create mode 100644 images/Sitemagic2009/modify.gif
 create mode 100644 images/Sitemagic2009/properties.gif
 create mode 100644 images/Sitemagic2009/right.gif
 create mode 100644 images/Sitemagic2009/save.gif
 create mode 100644 images/Sitemagic2009/search.gif
 create mode 100644 images/Sitemagic2009/settings.png
 create mode 100644 images/Sitemagic2009/unlock.gif
 create mode 100644 images/Sitemagic2009/up.gif
 create mode 100644 images/Sitemagic2009/update.gif
 create mode 100644 index.pdf
 create mode 100644 index.php
 create mode 100644 install.log
 create mode 100644 license.txt
 create mode 100644 metadata.xml
 create mode 100755 mrIndexer.php
 create mode 100644 package.json
 create mode 100644 sites/htaccess.fls
 create mode 100644 sites/htaccess.tpls
 create mode 100644 tables.sql
 create mode 100644 templates/SMCoffeeShop/basic.html
 create mode 100644 templates/SMCoffeeShop/demo-data/data/SMAttributes.xml.php
 create mode 100644 templates/SMCoffeeShop/demo-data/data/SMContact.xml.php
 create mode 100644 templates/SMCoffeeShop/demo-data/data/SMExternalModules.xml.php
 create mode 100644 templates/SMCoffeeShop/demo-data/data/SMMenu.xml.php
 create mode 100644 templates/SMCoffeeShop/demo-data/data/SMPages.xml.php
 create mode 100644 templates/SMCoffeeShop/demo-data/files/images/CoffeeShop/BoardGame.jpeg
 create mode 100644 templates/SMCoffeeShop/demo-data/files/images/CoffeeShop/Cappuccino.jpg
 create mode 100644 templates/SMCoffeeShop/demo-data/files/images/CoffeeShop/Coffee-Coco.jpeg
 create mode 100644 templates/SMCoffeeShop/demo-data/files/images/CoffeeShop/Espresso.jpg
 create mode 100644 templates/SMCoffeeShop/demo-data/files/images/CoffeeShop/Frontpage.jpg
 create mode 100644 templates/SMCoffeeShop/demo-data/files/images/CoffeeShop/Latte.jpg
 create mode 100644 templates/SMCoffeeShop/demo-data/files/images/CoffeeShop/License.txt
 create mode 100644 templates/SMCoffeeShop/demo-data/files/images/CoffeeShop/ThePlace.jpg
 create mode 100644 templates/SMCoffeeShop/designer.js
 create mode 100644 templates/SMCoffeeShop/enhancements/footer.normal.js
 create mode 100644 templates/SMCoffeeShop/enhancements/iefix.normal.js
 create mode 100644 templates/SMCoffeeShop/generated-bg.jpg
 create mode 100644 templates/SMCoffeeShop/index.html
 create mode 100644 templates/SMCoffeeShop/metadata.xml
 create mode 100644 templates/SMCoffeeShop/override.css
 create mode 100644 templates/SMCoffeeShop/override.defaults.js
 create mode 100644 templates/SMCoffeeShop/override.js
 create mode 100644 templates/SMCoffeeShop/style.css
 create mode 100644 templates/SMCompany/basic.html
 create mode 100644 templates/SMCompany/designer.js
 create mode 100644 templates/SMCompany/enhancements/footer.normal.js
 create mode 100644 templates/SMCompany/enhancements/iefix.normal.js
 create mode 100644 templates/SMCompany/generated-bg.jpg
 create mode 100644 templates/SMCompany/index.html
 create mode 100644 templates/SMCompany/metadata.xml
 create mode 100644 templates/SMCompany/override.css
 create mode 100644 templates/SMCompany/override.defaults.js
 create mode 100644 templates/SMCompany/override.js
 create mode 100644 templates/SMCompany/style.css
 create mode 100644 templates/SMFashion/basic.html
 create mode 100644 templates/SMFashion/demo-data/data/SMAttributes.xml.php
 create mode 100644 templates/SMFashion/demo-data/data/SMContact.xml.php
 create mode 100644 templates/SMFashion/demo-data/data/SMExternalModules.xml.php
 create mode 100644 templates/SMFashion/demo-data/data/SMMenu.xml.php
 create mode 100644 templates/SMFashion/demo-data/data/SMPages.xml.php
 create mode 100644 templates/SMFashion/demo-data/files/gallery/Fashion Store/Accessories.jpeg
 create mode 100644 templates/SMFashion/demo-data/files/gallery/Fashion Store/Accessories2.jpg
 create mode 100644 templates/SMFashion/demo-data/files/gallery/Fashion Store/Accessories3.jpeg
 create mode 100644 templates/SMFashion/demo-data/files/gallery/Fashion Store/Bags.jpeg
 create mode 100644 templates/SMFashion/demo-data/files/gallery/Fashion Store/Bags2.jpeg
 create mode 100644 templates/SMFashion/demo-data/files/gallery/Fashion Store/Clothing.jpeg
 create mode 100644 templates/SMFashion/demo-data/files/gallery/Fashion Store/Clothing2.jpeg
 create mode 100644 templates/SMFashion/demo-data/files/gallery/Fashion Store/Clothing3.jpeg
 create mode 100644 templates/SMFashion/demo-data/files/gallery/Fashion Store/Floor.jpeg
 create mode 100644 templates/SMFashion/demo-data/files/gallery/Fashion Store/Glasses.jpeg
 create mode 100644 templates/SMFashion/demo-data/files/gallery/Fashion Store/Shirts.jpeg
 create mode 100644 templates/SMFashion/demo-data/files/gallery/Fashion Store/Shoes.jpeg
 create mode 100644 templates/SMFashion/demo-data/files/gallery/Fashion Store/Shoes2.jpeg
 create mode 100644 templates/SMFashion/demo-data/files/gallery/Fashion Store/Shoes3.jpeg
 create mode 100644 templates/SMFashion/demo-data/files/gallery/Fashion Store/Shoes4.jpeg
 create mode 100644 templates/SMFashion/demo-data/files/gallery/Fashion Store/Shoes5.jpeg
 create mode 100644 templates/SMFashion/demo-data/files/gallery/Fashion Store/Ties.jpeg
 create mode 100644 templates/SMFashion/demo-data/files/gallery/Fashion Store/Watch.jpeg
 create mode 100644 templates/SMFashion/demo-data/files/gallery/Fashion Store/Watch2.jpeg
 create mode 100644 templates/SMFashion/demo-data/files/gallery/Fashion Store/Watch3.jpg
 create mode 100644 templates/SMFashion/demo-data/files/images/Fashion/FrontPage.jpeg
 create mode 100644 templates/SMFashion/demo-data/files/images/Fashion/License.txt
 create mode 100644 templates/SMFashion/demo-data/files/images/Fashion/Man.jpeg
 create mode 100644 templates/SMFashion/demo-data/files/images/Fashion/Woman.jpeg
 create mode 100644 templates/SMFashion/designer.js
 create mode 100644 templates/SMFashion/enhancements/footer.normal.js
 create mode 100644 templates/SMFashion/enhancements/iefix.normal.js
 create mode 100644 templates/SMFashion/generated-bg.jpg
 create mode 100644 templates/SMFashion/index.html
 create mode 100644 templates/SMFashion/metadata.xml
 create mode 100644 templates/SMFashion/override.css
 create mode 100644 templates/SMFashion/override.defaults.js
 create mode 100644 templates/SMFashion/override.js
 create mode 100644 templates/SMFashion/style.css
 create mode 100644 templates/SMModernSpacious/basic.html
 create mode 100644 templates/SMModernSpacious/designer.js
 create mode 100644 templates/SMModernSpacious/enhancements/footer.normal.js
 create mode 100644 templates/SMModernSpacious/enhancements/iefix.normal.js
 create mode 100644 templates/SMModernSpacious/generated-bg.jpg
 create mode 100644 templates/SMModernSpacious/index.html
 create mode 100644 templates/SMModernSpacious/metadata.xml
 create mode 100644 templates/SMModernSpacious/override.css
 create mode 100644 templates/SMModernSpacious/override.defaults.js
 create mode 100644 templates/SMModernSpacious/override.js
 create mode 100644 templates/SMModernSpacious/style.css
 create mode 100644 templates/SMRealEstate/basic.html
 create mode 100644 templates/SMRealEstate/demo-data/data/SMAttributes.xml.php
 create mode 100644 templates/SMRealEstate/demo-data/data/SMContact.xml.php
 create mode 100644 templates/SMRealEstate/demo-data/data/SMExternalModules.xml.php
 create mode 100644 templates/SMRealEstate/demo-data/data/SMMenu.xml.php
 create mode 100644 templates/SMRealEstate/demo-data/data/SMPages.xml.php
 create mode 100644 templates/SMRealEstate/demo-data/files/images/RealEstate/FullPageCover.jpeg
 create mode 100644 templates/SMRealEstate/demo-data/files/images/RealEstate/Header.jpeg
 create mode 100644 templates/SMRealEstate/demo-data/files/images/RealEstate/House.jpeg
 create mode 100644 templates/SMRealEstate/demo-data/files/images/RealEstate/License.txt
 create mode 100644 templates/SMRealEstate/demo-data/files/images/RealEstate/Listings/House1.jpeg
 create mode 100644 templates/SMRealEstate/demo-data/files/images/RealEstate/Listings/House10.jpeg
 create mode 100644 templates/SMRealEstate/demo-data/files/images/RealEstate/Listings/House2.jpg
 create mode 100644 templates/SMRealEstate/demo-data/files/images/RealEstate/Listings/House3.jpeg
 create mode 100644 templates/SMRealEstate/demo-data/files/images/RealEstate/Listings/House4.jpeg
 create mode 100644 templates/SMRealEstate/demo-data/files/images/RealEstate/Listings/House5.jpeg
 create mode 100644 templates/SMRealEstate/demo-data/files/images/RealEstate/Listings/House6.jpeg
 create mode 100644 templates/SMRealEstate/demo-data/files/images/RealEstate/Listings/House7.jpeg
 create mode 100644 templates/SMRealEstate/demo-data/files/images/RealEstate/Listings/House8.jpeg
 create mode 100644 templates/SMRealEstate/demo-data/files/images/RealEstate/Listings/House9.jpeg
 create mode 100644 templates/SMRealEstate/designer.js
 create mode 100644 templates/SMRealEstate/enhancements/footer.normal.js
 create mode 100644 templates/SMRealEstate/enhancements/iefix.normal.js
 create mode 100644 templates/SMRealEstate/generated-bg.jpg
 create mode 100644 templates/SMRealEstate/index.html
 create mode 100644 templates/SMRealEstate/metadata.xml
 create mode 100644 templates/SMRealEstate/override.css
 create mode 100644 templates/SMRealEstate/override.defaults.js
 create mode 100644 templates/SMRealEstate/override.js
 create mode 100644 templates/SMRealEstate/style.css
 create mode 100644 templates/SMSeasons/basic.html
 create mode 100644 templates/SMSeasons/demo-data/data/SMAttributes.xml.php
 create mode 100644 templates/SMSeasons/demo-data/data/SMContact.xml.php
 create mode 100644 templates/SMSeasons/demo-data/data/SMExternalModules.xml.php
 create mode 100644 templates/SMSeasons/demo-data/data/SMMenu.xml.php
 create mode 100644 templates/SMSeasons/demo-data/data/SMPages.xml.php
 create mode 100644 templates/SMSeasons/demo-data/files/images/Seasons/Autumn.jpeg
 create mode 100644 templates/SMSeasons/demo-data/files/images/Seasons/Letter.jpeg
 create mode 100644 templates/SMSeasons/demo-data/files/images/Seasons/License.txt
 create mode 100644 templates/SMSeasons/demo-data/files/images/Seasons/Spring.jpeg
 create mode 100644 templates/SMSeasons/demo-data/files/images/Seasons/Summer.jpeg
 create mode 100644 templates/SMSeasons/demo-data/files/images/Seasons/Winter.jpg
 create mode 100644 templates/SMSeasons/demo-data/files/images/Seasons/Wood-Flowers.jpeg
 create mode 100644 templates/SMSeasons/designer.js
 create mode 100644 templates/SMSeasons/enhancements/footer.normal.js
 create mode 100644 templates/SMSeasons/enhancements/iefix.normal.js
 create mode 100644 templates/SMSeasons/generated-bg.jpg
 create mode 100644 templates/SMSeasons/index.html
 create mode 100644 templates/SMSeasons/metadata.xml
 create mode 100644 templates/SMSeasons/override.css
 create mode 100644 templates/SMSeasons/override.defaults.js
 create mode 100644 templates/SMSeasons/override.js
 create mode 100644 templates/SMSeasons/style.css
 create mode 100644 templates/SMSunrise2017/basic.html
 create mode 100644 templates/SMSunrise2017/demo-data/data/SMAttributes.xml.php
 create mode 100644 templates/SMSunrise2017/demo-data/data/SMContact.xml.php
 create mode 100644 templates/SMSunrise2017/demo-data/data/SMExternalModules.xml.php
 create mode 100644 templates/SMSunrise2017/demo-data/data/SMMenu.xml.php
 create mode 100644 templates/SMSunrise2017/demo-data/data/SMPages.xml.php
 create mode 100644 templates/SMSunrise2017/demo-data/files/images/Sunrise2/Facebook.png
 create mode 100644 templates/SMSunrise2017/demo-data/files/images/Sunrise2/LinkedIn.png
 create mode 100644 templates/SMSunrise2017/demo-data/files/images/Sunrise2/People.jpg
 create mode 100644 templates/SMSunrise2017/demo-data/files/images/Sunrise2/ScreenShots/CoffeeShop-Coffee.jpeg
 create mode 100644 templates/SMSunrise2017/demo-data/files/images/Sunrise2/ScreenShots/CoffeeShop-Contact.jpeg
 create mode 100644 templates/SMSunrise2017/demo-data/files/images/Sunrise2/ScreenShots/CoffeeShop-Welcome.jpeg
 create mode 100644 templates/SMSunrise2017/demo-data/files/images/Sunrise2/ScreenShots/Fashion-FrontPage.jpeg
 create mode 100644 templates/SMSunrise2017/demo-data/files/images/Sunrise2/ScreenShots/Fashion-Store.jpeg
 create mode 100644 templates/SMSunrise2017/demo-data/files/images/Sunrise2/ScreenShots/Mobile-maps.jpg
 create mode 100644 templates/SMSunrise2017/demo-data/files/images/Sunrise2/ScreenShots/Mobile-profile.jpg
 create mode 100644 templates/SMSunrise2017/demo-data/files/images/Sunrise2/ScreenShots/RealEstate-About.jpeg
 create mode 100644 templates/SMSunrise2017/demo-data/files/images/Sunrise2/ScreenShots/RealEstate-InteriorDesign.jpeg
 create mode 100644 templates/SMSunrise2017/demo-data/files/images/Sunrise2/ScreenShots/RealEstate-Listings.jpeg
 create mode 100644 templates/SMSunrise2017/demo-data/files/images/Sunrise2/ScreenShots/Seasons-Autumn.jpeg
 create mode 100644 templates/SMSunrise2017/demo-data/files/images/Sunrise2/ScreenShots/WorldPlayground-Contact.jpeg
 create mode 100644 templates/SMSunrise2017/demo-data/files/images/Sunrise2/ScreenShots/WorldPlayground-FrontPage.jpeg
 create mode 100644 templates/SMSunrise2017/demo-data/files/images/Sunrise2/Twitter.png
 create mode 100644 templates/SMSunrise2017/demo-data/files/images/backgrounds/DarkWater.jpg
 create mode 100644 templates/SMSunrise2017/demo-data/files/images/backgrounds/Forrest.jpg
 create mode 100644 templates/SMSunrise2017/demo-data/files/images/backgrounds/Galaxy.jpg
 create mode 100644 templates/SMSunrise2017/demo-data/files/images/backgrounds/Sky.jpg
 create mode 100644 templates/SMSunrise2017/demo-data/files/images/backgrounds/Sunrise.jpg
 create mode 100644 templates/SMSunrise2017/demo-data/files/images/backgrounds/Sunset.jpg
 create mode 100644 templates/SMSunrise2017/designer.js
 create mode 100644 templates/SMSunrise2017/enhancements/footer.normal.js
 create mode 100644 templates/SMSunrise2017/enhancements/iefix.normal.js
 create mode 100644 templates/SMSunrise2017/generated-bg.jpg
 create mode 100644 templates/SMSunrise2017/index.html
 create mode 100644 templates/SMSunrise2017/metadata.xml
 create mode 100644 templates/SMSunrise2017/override.css
 create mode 100644 templates/SMSunrise2017/style.css
 create mode 100644 templates/SMSunset/basic.html
 create mode 100644 templates/SMSunset/designer.js
 create mode 100644 templates/SMSunset/enhancements/iefix.normal.js
 create mode 100644 templates/SMSunset/generated-bg.jpg
 create mode 100644 templates/SMSunset/index.html
 create mode 100644 templates/SMSunset/metadata.xml
 create mode 100644 templates/SMSunset/override.css
 create mode 100644 templates/SMSunset/override.defaults.js
 create mode 100644 templates/SMSunset/override.js
 create mode 100644 templates/SMSunset/style.css
 create mode 100644 templates/SMWorldPlayground/basic.html
 create mode 100644 templates/SMWorldPlayground/demo-data/data/SMAttributes.xml.php
 create mode 100644 templates/SMWorldPlayground/demo-data/data/SMContact.xml.php
 create mode 100644 templates/SMWorldPlayground/demo-data/data/SMExternalModules.xml.php
 create mode 100644 templates/SMWorldPlayground/demo-data/data/SMMenu.xml.php
 create mode 100644 templates/SMWorldPlayground/demo-data/data/SMPages.xml.php
 create mode 100644 templates/SMWorldPlayground/demo-data/files/images/WorldPlayground/Club.jpeg
 create mode 100644 templates/SMWorldPlayground/demo-data/files/images/WorldPlayground/License.txt
 create mode 100644 templates/SMWorldPlayground/demo-data/files/images/WorldPlayground/Playground.jpg
 create mode 100644 templates/SMWorldPlayground/demo-data/files/images/WorldPlayground/TravelMap.jpg
 create mode 100644 templates/SMWorldPlayground/designer.js
 create mode 100644 templates/SMWorldPlayground/enhancements/footer.normal.js
 create mode 100644 templates/SMWorldPlayground/enhancements/iefix.normal.js
 create mode 100644 templates/SMWorldPlayground/generated-bg.jpg
 create mode 100644 templates/SMWorldPlayground/index.html
 create mode 100644 templates/SMWorldPlayground/metadata.xml
 create mode 100644 templates/SMWorldPlayground/override.css
 create mode 100644 templates/SMWorldPlayground/override.defaults.js
 create mode 100644 templates/SMWorldPlayground/override.js
 create mode 100644 templates/SMWorldPlayground/style.css
 create mode 100644 templates/_BaseGeneric/all.css
 create mode 100644 templates/_BaseGeneric/base.css
 create mode 100644 templates/_BaseGeneric/basic.html
 create mode 100644 templates/_BaseGeneric/cards.css
 create mode 100644 templates/_BaseGeneric/enhancements/menu.normal.js
 create mode 100644 templates/_BaseGeneric/footer.css
 create mode 100644 templates/_BaseGeneric/header.css
 create mode 100644 templates/_BaseGeneric/index.html
 create mode 100644 templates/_BaseGeneric/menu.css
 create mode 100644 templates/_BaseGeneric/mobile.css
 create mode 100644 templates/_BaseGeneric/page.css
 create mode 100644 templates/_BaseGeneric/snippets.css
 create mode 100644 templates/_BaseGeneric2/all.css
 create mode 100644 templates/_BaseGeneric2/base.css
 create mode 100644 templates/_BaseGeneric2/basic.html
 create mode 100644 templates/_BaseGeneric2/cards.css
 create mode 100644 templates/_BaseGeneric2/footer.css
 create mode 100644 templates/_BaseGeneric2/grid.css
 create mode 100644 templates/_BaseGeneric2/header.css
 create mode 100644 templates/_BaseGeneric2/index.html
 create mode 100644 templates/_BaseGeneric2/js/menu.js
 create mode 100644 templates/_BaseGeneric2/js/responsiveness.js
 create mode 100644 templates/_BaseGeneric2/menu.css
 create mode 100644 templates/_BaseGeneric2/mobile.css
 create mode 100644 templates/_BaseGeneric2/page.css
 create mode 100644 templates/_BaseGeneric2/snippets.css
 create mode 100644 templates/_BaseSideNav/_basic.css
 create mode 100644 templates/_BaseSideNav/_index.css
 create mode 100644 templates/_BaseSideNav/basic.css
 create mode 100644 templates/_BaseSideNav/basic.html
 create mode 100644 templates/_BaseSideNav/height.js
 create mode 100644 templates/_BaseSideNav/images/top.png
 create mode 100644 templates/_BaseSideNav/index.css
 create mode 100644 templates/_BaseSideNav/index.html
 create mode 100644 templates/_BaseTopNav/_basic.css
 create mode 100644 templates/_BaseTopNav/_index.css
 create mode 100644 templates/_BaseTopNav/basic.css
 create mode 100644 templates/_BaseTopNav/basic.html
 create mode 100644 templates/_BaseTopNav/images/blank.gif
 create mode 100644 templates/_BaseTopNav/index.css
 create mode 100644 templates/_BaseTopNav/index.html
 create mode 100644 templates/_BaseTopNav/menu.js
 create mode 100644 upgrade.php
